<?xml version="1.0" encoding="UTF-8"?>
<testsuite xmlns:xsi="http://www.w3.org/2001/XMLSchema-instance" xsi:noNamespaceSchemaLocation="https://maven.apache.org/surefire/maven-surefire-plugin/xsd/surefire-test-report-3.0.xsd" version="3.0" name="com.hrsystem.HrSystemApplicationTests" time="6.56" tests="1" errors="0" skipped="0" failures="0">
  <properties>
[...]
</properties>
  <testcase name="contextLoads" classname="com.hrsystem.HrSystemApplicationTests" time="0.66">
    <system-out><![CDATA[18:16:07.911 [main] INFO org.springframework.test.context.support.AnnotationConfigContextLoaderUtils -- Could not detect default configuration classes for test class [com.hrsystem.HrSystemApplicationTests]: HrSystemApplicationTests does not declare any static, non-private, non-final, nested classes annotated with @Configuration.
18:16:08.026 [main] INFO org.springframework.boot.test.context.SpringBootTestContextBootstrapper -- Found @SpringBootConfiguration com.hrsystem.HrSystemApplication for test class com.hrsystem.HrSystemApplicationTests

  .   ____          _            __ _ _
 /\\ / ___'_ __ _ _(_)_ __  __ _ \ \ \ \
( ( )\___ | '_ | '_| | '_ \/ _` | \ \ \ \
 \\/  ___)| |_)| | | | | || (_| |  ) ) ) )
  '  |____| .__|_| |_|_| |_\__, | / / / /
 =========|_|==============|___/=/_/_/_/
 :: Spring Boot ::                (v3.1.1)

2023-07-18T18:16:08.480+09:00  INFO 9488 --- [           main] com.hrsystem.HrSystemApplicationTests    : Starting HrSystemApplicationTests using Java 17.0.7 with PID 9488 (started by EZEN-24 in C:\project\spring\hr-system)
2023-07-18T18:16:08.482+09:00  INFO 9488 --- [           main] com.hrsystem.HrSystemApplicationTests    : No active profile set, falling back to 1 default profile: "default"
2023-07-18T18:16:09.499+09:00  INFO 9488 --- [           main] .s.d.r.c.RepositoryConfigurationDelegate : Bootstrapping Spring Data JPA repositories in DEFAULT mode.
2023-07-18T18:16:09.569+09:00  INFO 9488 --- [           main] .s.d.r.c.RepositoryConfigurationDelegate : Finished Spring Data repository scanning in 60 ms. Found 2 JPA repository interfaces.
2023-07-18T18:16:10.102+09:00  INFO 9488 --- [           main] o.hibernate.jpa.internal.util.LogHelper  : HHH000204: Processing PersistenceUnitInfo [name: default]
2023-07-18T18:16:10.169+09:00  INFO 9488 --- [           main] org.hibernate.Version                    : HHH000412: Hibernate ORM core version 6.2.5.Final
2023-07-18T18:16:10.172+09:00  INFO 9488 --- [           main] org.hibernate.cfg.Environment            : HHH000406: Using bytecode reflection optimizer
2023-07-18T18:16:10.383+09:00  INFO 9488 --- [           main] o.h.b.i.BytecodeProviderInitiator        : HHH000021: Bytecode provider name : bytebuddy
2023-07-18T18:16:10.529+09:00  INFO 9488 --- [           main] o.s.o.j.p.SpringPersistenceUnitInfo      : No LoadTimeWeaver setup: ignoring JPA class transformer
2023-07-18T18:16:10.549+09:00  INFO 9488 --- [           main] com.zaxxer.hikari.HikariDataSource       : HikariPool-1 - Starting...
2023-07-18T18:16:10.981+09:00  INFO 9488 --- [           main] com.zaxxer.hikari.pool.HikariPool        : HikariPool-1 - Added connection com.mysql.cj.jdbc.ConnectionImpl@1626bddf
2023-07-18T18:16:10.984+09:00  INFO 9488 --- [           main] com.zaxxer.hikari.HikariDataSource       : HikariPool-1 - Start completed.
2023-07-18T18:16:11.031+09:00  WARN 9488 --- [           main] org.hibernate.orm.deprecation            : HHH90000026: MySQL8Dialect has been deprecated; use org.hibernate.dialect.MySQLDialect instead
2023-07-18T18:16:11.401+09:00  INFO 9488 --- [           main] o.h.b.i.BytecodeProviderInitiator        : HHH000021: Bytecode provider name : bytebuddy
2023-07-18T18:16:12.143+09:00  INFO 9488 --- [           main] o.h.e.t.j.p.i.JtaPlatformInitiator       : HHH000490: Using JtaPlatform implementation: [org.hibernate.engine.transaction.jta.platform.internal.NoJtaPlatform]
2023-07-18T18:16:12.337+09:00  INFO 9488 --- [           main] j.LocalContainerEntityManagerFactoryBean : Initialized JPA EntityManagerFactory for persistence unit 'default'
2023-07-18T18:16:12.725+09:00  INFO 9488 --- [           main] o.s.d.j.r.query.QueryEnhancerFactory     : Hibernate is in classpath; If applicable, HQL parser will be used.
2023-07-18T18:16:12.811+09:00  WARN 9488 --- [           main] JpaBaseConfiguration$JpaWebConfiguration : spring.jpa.open-in-view is enabled by default. Therefore, database queries may be performed during view rendering. Explicitly configure spring.jpa.open-in-view to disable this warning
2023-07-18T18:16:13.186+09:00  INFO 9488 --- [           main] o.s.s.web.DefaultSecurityFilterChain     : Will secure any request with [org.springframework.security.web.session.DisableEncodeUrlFilter@2bdf6c7c, org.springframework.security.web.context.request.async.WebAsyncManagerIntegrationFilter@13ac1657, org.springframework.security.web.context.SecurityContextHolderFilter@3a8cc099, org.springframework.security.web.header.HeaderWriterFilter@55d35f7a, org.springframework.security.web.csrf.CsrfFilter@7fec6c2f, org.springframework.security.web.authentication.logout.LogoutFilter@74727e41, org.springframework.security.web.authentication.UsernamePasswordAuthenticationFilter@a642c54, org.springframework.security.web.savedrequest.RequestCacheAwareFilter@1c00a9f0, org.springframework.security.web.servletapi.SecurityContextHolderAwareRequestFilter@69c53b72, org.springframework.security.web.authentication.rememberme.RememberMeAuthenticationFilter@58ec04f4, org.springframework.security.web.authentication.AnonymousAuthenticationFilter@52d68eb9, org.springframework.security.web.access.ExceptionTranslationFilter@6f4e39b3, org.springframework.security.web.access.intercept.AuthorizationFilter@21e32876]
2023-07-18T18:16:13.601+09:00  INFO 9488 --- [           main] com.hrsystem.HrSystemApplicationTests    : Started HrSystemApplicationTests in 5.41 seconds (process running for 6.519)
]]></system-out>
  </testcase>
</testsuite>